2014-12-08 10:27:50.905 [Worker-2] INFO    com.objectaid.uml.license.LicenseManager initialize: found license Sequence Diagram 1.1.x - EVAL until 2014-01-02
2014-12-08 10:27:51.999 [Worker-5] INFO    com.objectaid.uml.model.manage.DiagramManager getFactories: com.objectaid.uml.diagramFactories[ucls]: com.objectaid.uml.cls.model.ClassDiagramFactory@1b58e322
2014-12-08 10:27:52.007 [Worker-5] INFO    com.objectaid.uml.model.manage.DiagramManager getFactories: com.objectaid.uml.diagramFactories[useq]: com.objectaid.uml.seq.model.SequenceDiagramFactory@1e76fe50
2014-12-08 10:27:52.098 [pool-4-thread-1] WARNING com.objectaid.uml.util.EclipseHelper loadClass: cannot find com.objectaid.uml.addon.doc.TextLink in [], no license for [com.objectaid.uml.addon]
2014-12-08 10:27:52.099 [pool-4-thread-1] WARNING com.objectaid.uml.util.EclipseHelper loadClass: cannot find com.objectaid.uml.addon.doc.TextLinkEditPart in [], no license for [com.objectaid.uml.addon]
2014-12-08 10:27:52.100 [pool-4-thread-1] WARNING com.objectaid.uml.util.EclipseHelper loadClass: cannot find com.objectaid.uml.addon.doc.PTextLink in [], no license for [com.objectaid.uml.addon]
2014-12-08 10:27:52.101 [pool-4-thread-1] WARNING com.objectaid.uml.util.EclipseHelper loadClass: cannot find com.objectaid.uml.model.diagram.ConnectionEnd in [], no license for [com.objectaid.uml.addon]
2014-12-08 10:27:52.102 [pool-4-thread-1] WARNING com.objectaid.uml.util.EclipseHelper loadClass: cannot find com.objectaid.uml.model.persistence.PersistedConnectionEnd in [], no license for [com.objectaid.uml.addon]
2014-12-08 10:27:52.102 [pool-4-thread-1] WARNING com.objectaid.uml.util.EclipseHelper loadClass: cannot find com.objectaid.uml.addon.doc.TextNodeDefinition in [com.objectaid.uml.cls], no license for [com.objectaid.uml.addon]
2014-12-08 10:27:52.190 [pool-4-thread-1] INFO    com.objectaid.uml.util.extend.ExecutableExtensionManager loadExtensions: found com.objectaid.uml.renderFormats="com.objectaid.uml.render.RasterRenderFormat" class="com.objectaid.uml.render.RasterRenderFormat" name="PNG" extension="png" antialias="true" format="5" 
2014-12-08 10:27:52.196 [pool-4-thread-1] INFO    com.objectaid.uml.util.extend.ExecutableExtensionManager loadExtensions: found com.objectaid.uml.renderFormats="com.objectaid.uml.render.RasterRenderFormat" class="com.objectaid.uml.render.RasterRenderFormat" name="JPEG" extension="jpg" antialias="true" format="4" 
2014-12-08 10:27:52.198 [pool-4-thread-1] INFO    com.objectaid.uml.util.extend.ExecutableExtensionManager loadExtensions: found com.objectaid.uml.renderFormats="com.objectaid.uml.render.IndexedRasterRenderFormat" class="com.objectaid.uml.render.IndexedRasterRenderFormat" name="GIF" extension="gif" antialias="false" format="2" 
2014-12-08 10:27:52.199 [pool-4-thread-1] WARNING com.objectaid.uml.util.EclipseHelper loadClass: cannot find com.objectaid.uml.addon.render.SVGRenderFormat in [], no license for [com.objectaid.uml.addon]
2014-12-08 10:27:52.200 [pool-4-thread-1] INFO    com.objectaid.uml.util.extend.ExecutableExtensionManager loadExtensions: found com.objectaid.uml.renderFormats='com.objectaid.uml.addon.render.SVGRenderFormat' but cannot load class
2014-12-08 10:27:52.200 [pool-4-thread-1] WARNING com.objectaid.uml.util.EclipseHelper loadClass: cannot find com.objectaid.uml.addon.render.PDFRenderFormat in [], no license for [com.objectaid.uml.addon]
2014-12-08 10:27:52.202 [pool-4-thread-1] INFO    com.objectaid.uml.util.extend.ExecutableExtensionManager loadExtensions: found com.objectaid.uml.renderFormats='com.objectaid.uml.addon.render.PDFRenderFormat' but cannot load class
2014-12-08 15:32:46.041 [Worker-71] INFO    com.objectaid.uml.model.manage.LanguageElementManager getLanguageElementFactories: com.objectaid.uml.languageElementFactories: com.objectaid.uml.java.JavaElementFactory
2014-12-09 00:11:49.705 [main] WARNING com.objectaid.uml.util.EclipseHelper loadClass: cannot find com.objectaid.uml.addon.doc.TextDiagramEditPolicy in [], no license for [com.objectaid.uml.addon]
2014-12-09 00:12:14.065 [main] WARNING com.objectaid.uml.util.EclipseHelper loadClass: cannot find com.objectaid.uml.addon.doc.TextLinkCreationEditPolicy in [], no license for [com.objectaid.uml.addon]
2014-12-09 00:12:14.115 [main] WARNING com.objectaid.uml.util.EclipseHelper loadClass: cannot find com.objectaid.uml.addon.doc.TextLinkCreationEditPolicy in [], no license for [com.objectaid.uml.addon]
2014-12-09 00:12:14.115 [main] WARNING com.objectaid.uml.util.EclipseHelper loadClass: cannot find com.objectaid.uml.addon.doc.TextLinkCreationEditPolicy in [], no license for [com.objectaid.uml.addon]
2014-12-09 00:12:14.135 [main] WARNING com.objectaid.uml.util.EclipseHelper loadClass: cannot find com.objectaid.uml.addon.doc.TextLinkCreationEditPolicy in [], no license for [com.objectaid.uml.addon]
2014-12-09 00:12:14.247 [main] WARNING com.objectaid.uml.util.EclipseHelper loadClass: cannot find com.objectaid.uml.addon.java.action.CopyQualifiedNameActionRunnable in [], no license for [com.objectaid.uml.addon.java]
2014-12-09 00:12:14.247 [main] INFO    com.objectaid.uml.license.LicenseManager checkLicense: invalid license Sequence Diagram 1.1.x - EVAL until 2014-01-02 because License is expired
2014-12-09 00:12:14.247 [main] WARNING com.objectaid.uml.util.EclipseHelper loadClass: cannot find com.objectaid.uml.seq.java.AddCalledMethodsActionRunnable in [], no license for [com.objectaid.uml.seq.java]
2014-12-09 00:13:09.888 [main] WARNING com.objectaid.uml.util.EclipseHelper loadClass: cannot find com.objectaid.uml.addon.doc.TextLinkCreationEditPolicy in [], no license for [com.objectaid.uml.addon]
2014-12-09 00:13:09.888 [main] WARNING com.objectaid.uml.util.EclipseHelper loadClass: cannot find com.objectaid.uml.addon.doc.TextLinkCreationEditPolicy in [], no license for [com.objectaid.uml.addon]
2014-12-09 00:13:09.898 [main] WARNING com.objectaid.uml.util.EclipseHelper loadClass: cannot find com.objectaid.uml.addon.doc.TextLinkCreationEditPolicy in [], no license for [com.objectaid.uml.addon]
2014-12-09 00:13:09.898 [main] WARNING com.objectaid.uml.util.EclipseHelper loadClass: cannot find com.objectaid.uml.addon.doc.TextLinkCreationEditPolicy in [], no license for [com.objectaid.uml.addon]
2014-12-09 00:13:44.189 [main] WARNING com.objectaid.uml.util.EclipseHelper loadClass: cannot find com.objectaid.uml.addon.doc.TextLinkCreationEditPolicy in [], no license for [com.objectaid.uml.addon]
2014-12-09 00:13:44.189 [main] WARNING com.objectaid.uml.util.EclipseHelper loadClass: cannot find com.objectaid.uml.addon.doc.TextLinkCreationEditPolicy in [], no license for [com.objectaid.uml.addon]
2014-12-09 00:13:44.201 [main] WARNING com.objectaid.uml.util.EclipseHelper loadClass: cannot find com.objectaid.uml.addon.doc.TextLinkCreationEditPolicy in [], no license for [com.objectaid.uml.addon]
2014-12-09 00:13:44.201 [main] WARNING com.objectaid.uml.util.EclipseHelper loadClass: cannot find com.objectaid.uml.addon.doc.TextLinkCreationEditPolicy in [], no license for [com.objectaid.uml.addon]
2014-12-09 00:13:53.807 [main] WARNING com.objectaid.uml.util.EclipseHelper loadClass: cannot find com.objectaid.uml.addon.doc.TextLinkCreationEditPolicy in [], no license for [com.objectaid.uml.addon]
2014-12-09 00:13:53.817 [main] WARNING com.objectaid.uml.util.EclipseHelper loadClass: cannot find com.objectaid.uml.addon.doc.TextLinkCreationEditPolicy in [], no license for [com.objectaid.uml.addon]
2014-12-09 00:14:37.607 [main] WARNING com.objectaid.uml.util.EclipseHelper loadClass: cannot find com.objectaid.uml.addon.doc.TextLinkCreationEditPolicy in [], no license for [com.objectaid.uml.addon]
2014-12-09 00:14:45.955 [main] WARNING com.objectaid.uml.util.EclipseHelper loadClass: cannot find com.objectaid.uml.addon.doc.TextLinkCreationEditPolicy in [], no license for [com.objectaid.uml.addon]
2014-12-09 00:14:45.956 [main] WARNING com.objectaid.uml.util.EclipseHelper loadClass: cannot find com.objectaid.uml.addon.doc.TextLinkCreationEditPolicy in [], no license for [com.objectaid.uml.addon]
2014-12-09 00:14:45.958 [main] WARNING com.objectaid.uml.util.EclipseHelper loadClass: cannot find com.objectaid.uml.addon.doc.TextLinkCreationEditPolicy in [], no license for [com.objectaid.uml.addon]
2014-12-09 00:14:45.959 [main] WARNING com.objectaid.uml.util.EclipseHelper loadClass: cannot find com.objectaid.uml.addon.doc.TextLinkCreationEditPolicy in [], no license for [com.objectaid.uml.addon]
2014-12-09 00:14:45.960 [main] WARNING com.objectaid.uml.util.EclipseHelper loadClass: cannot find com.objectaid.uml.addon.doc.TextLinkCreationEditPolicy in [], no license for [com.objectaid.uml.addon]
2014-12-09 00:14:45.961 [main] WARNING com.objectaid.uml.util.EclipseHelper loadClass: cannot find com.objectaid.uml.addon.doc.TextLinkCreationEditPolicy in [], no license for [com.objectaid.uml.addon]
2014-12-09 00:14:45.962 [main] WARNING com.objectaid.uml.util.EclipseHelper loadClass: cannot find com.objectaid.uml.addon.doc.TextLinkCreationEditPolicy in [], no license for [com.objectaid.uml.addon]
2014-12-09 00:14:45.963 [main] WARNING com.objectaid.uml.util.EclipseHelper loadClass: cannot find com.objectaid.uml.addon.doc.TextLinkCreationEditPolicy in [], no license for [com.objectaid.uml.addon]
2014-12-09 00:14:45.964 [main] WARNING com.objectaid.uml.util.EclipseHelper loadClass: cannot find com.objectaid.uml.addon.doc.TextLinkCreationEditPolicy in [], no license for [com.objectaid.uml.addon]
2014-12-09 00:14:45.968 [main] WARNING com.objectaid.uml.util.EclipseHelper loadClass: cannot find com.objectaid.uml.addon.doc.TextLinkCreationEditPolicy in [], no license for [com.objectaid.uml.addon]
2014-12-09 00:14:45.969 [main] WARNING com.objectaid.uml.util.EclipseHelper loadClass: cannot find com.objectaid.uml.addon.doc.TextLinkCreationEditPolicy in [], no license for [com.objectaid.uml.addon]
2014-12-09 00:14:45.970 [main] WARNING com.objectaid.uml.util.EclipseHelper loadClass: cannot find com.objectaid.uml.addon.doc.TextLinkCreationEditPolicy in [], no license for [com.objectaid.uml.addon]
2014-12-09 00:14:45.972 [main] WARNING com.objectaid.uml.util.EclipseHelper loadClass: cannot find com.objectaid.uml.addon.doc.TextLinkCreationEditPolicy in [], no license for [com.objectaid.uml.addon]
2014-12-09 00:14:45.973 [main] WARNING com.objectaid.uml.util.EclipseHelper loadClass: cannot find com.objectaid.uml.addon.doc.TextLinkCreationEditPolicy in [], no license for [com.objectaid.uml.addon]
2014-12-09 00:14:45.975 [main] WARNING com.objectaid.uml.util.EclipseHelper loadClass: cannot find com.objectaid.uml.addon.doc.TextLinkCreationEditPolicy in [], no license for [com.objectaid.uml.addon]
2014-12-09 00:14:45.976 [main] WARNING com.objectaid.uml.util.EclipseHelper loadClass: cannot find com.objectaid.uml.addon.doc.TextLinkCreationEditPolicy in [], no license for [com.objectaid.uml.addon]
2014-12-09 00:14:45.977 [main] WARNING com.objectaid.uml.util.EclipseHelper loadClass: cannot find com.objectaid.uml.addon.doc.TextLinkCreationEditPolicy in [], no license for [com.objectaid.uml.addon]
2014-12-09 00:14:45.989 [main] WARNING com.objectaid.uml.util.EclipseHelper loadClass: cannot find com.objectaid.uml.addon.doc.TextLinkCreationEditPolicy in [], no license for [com.objectaid.uml.addon]
2014-12-09 00:14:45.989 [main] WARNING com.objectaid.uml.util.EclipseHelper loadClass: cannot find com.objectaid.uml.addon.doc.TextLinkCreationEditPolicy in [], no license for [com.objectaid.uml.addon]
2014-12-09 00:14:45.989 [main] WARNING com.objectaid.uml.util.EclipseHelper loadClass: cannot find com.objectaid.uml.addon.doc.TextLinkCreationEditPolicy in [], no license for [com.objectaid.uml.addon]
2014-12-09 00:14:45.989 [main] WARNING com.objectaid.uml.util.EclipseHelper loadClass: cannot find com.objectaid.uml.addon.doc.TextLinkCreationEditPolicy in [], no license for [com.objectaid.uml.addon]
2014-12-09 00:14:45.989 [main] WARNING com.objectaid.uml.util.EclipseHelper loadClass: cannot find com.objectaid.uml.addon.doc.TextLinkCreationEditPolicy in [], no license for [com.objectaid.uml.addon]
2014-12-09 00:14:45.989 [main] WARNING com.objectaid.uml.util.EclipseHelper loadClass: cannot find com.objectaid.uml.addon.doc.TextLinkCreationEditPolicy in [], no license for [com.objectaid.uml.addon]
2014-12-09 00:14:45.999 [main] WARNING com.objectaid.uml.util.EclipseHelper loadClass: cannot find com.objectaid.uml.addon.doc.TextLinkCreationEditPolicy in [], no license for [com.objectaid.uml.addon]
2014-12-09 00:14:45.999 [main] WARNING com.objectaid.uml.util.EclipseHelper loadClass: cannot find com.objectaid.uml.addon.doc.TextLinkCreationEditPolicy in [], no license for [com.objectaid.uml.addon]
2014-12-09 00:14:45.999 [main] WARNING com.objectaid.uml.util.EclipseHelper loadClass: cannot find com.objectaid.uml.addon.doc.TextLinkCreationEditPolicy in [], no license for [com.objectaid.uml.addon]
2014-12-09 00:14:45.999 [main] WARNING com.objectaid.uml.util.EclipseHelper loadClass: cannot find com.objectaid.uml.addon.doc.TextLinkCreationEditPolicy in [], no license for [com.objectaid.uml.addon]
2014-12-09 00:14:45.999 [main] WARNING com.objectaid.uml.util.EclipseHelper loadClass: cannot find com.objectaid.uml.addon.doc.TextLinkCreationEditPolicy in [], no license for [com.objectaid.uml.addon]
2014-12-09 00:14:45.999 [main] WARNING com.objectaid.uml.util.EclipseHelper loadClass: cannot find com.objectaid.uml.addon.doc.TextLinkCreationEditPolicy in [], no license for [com.objectaid.uml.addon]
2014-12-09 00:14:46.009 [main] WARNING com.objectaid.uml.util.EclipseHelper loadClass: cannot find com.objectaid.uml.addon.edit.MultiplicityDirectEditPolicy in [], no license for [com.objectaid.uml.addon]
2014-12-09 00:14:46.009 [main] WARNING com.objectaid.uml.util.EclipseHelper loadClass: cannot find com.objectaid.uml.addon.doc.TextLinkCreationEditPolicy in [], no license for [com.objectaid.uml.addon]
2014-12-09 00:14:46.009 [main] WARNING com.objectaid.uml.util.EclipseHelper loadClass: cannot find com.objectaid.uml.addon.doc.TextLinkCreationEditPolicy in [], no license for [com.objectaid.uml.addon]
2014-12-09 00:14:46.009 [main] WARNING com.objectaid.uml.util.EclipseHelper loadClass: cannot find com.objectaid.uml.addon.edit.MultiplicityDirectEditPolicy in [], no license for [com.objectaid.uml.addon]
2014-12-09 00:14:46.009 [main] WARNING com.objectaid.uml.util.EclipseHelper loadClass: cannot find com.objectaid.uml.addon.doc.TextLinkCreationEditPolicy in [], no license for [com.objectaid.uml.addon]
2014-12-09 00:14:46.009 [main] WARNING com.objectaid.uml.util.EclipseHelper loadClass: cannot find com.objectaid.uml.addon.doc.TextLinkCreationEditPolicy in [], no license for [com.objectaid.uml.addon]
2014-12-09 00:14:46.009 [main] WARNING com.objectaid.uml.util.EclipseHelper loadClass: cannot find com.objectaid.uml.addon.doc.TextLinkCreationEditPolicy in [], no license for [com.objectaid.uml.addon]
2014-12-09 00:14:46.009 [main] WARNING com.objectaid.uml.util.EclipseHelper loadClass: cannot find com.objectaid.uml.addon.edit.MultiplicityDirectEditPolicy in [], no license for [com.objectaid.uml.addon]
2014-12-09 00:14:46.009 [main] WARNING com.objectaid.uml.util.EclipseHelper loadClass: cannot find com.objectaid.uml.addon.doc.TextLinkCreationEditPolicy in [], no license for [com.objectaid.uml.addon]
2014-12-09 00:14:46.019 [main] WARNING com.objectaid.uml.util.EclipseHelper loadClass: cannot find com.objectaid.uml.addon.doc.TextLinkCreationEditPolicy in [], no license for [com.objectaid.uml.addon]
2014-12-09 00:15:18.461 [main] WARNING com.objectaid.uml.util.EclipseHelper loadClass: cannot find com.objectaid.uml.addon.doc.TextLinkCreationEditPolicy in [], no license for [com.objectaid.uml.addon]
2014-12-09 00:15:25.725 [main] WARNING com.objectaid.uml.util.EclipseHelper loadClass: cannot find com.objectaid.uml.addon.cls.menu.DependencyContextMenuProvider in [], no license for [com.objectaid.uml.addon.cls]
2014-12-09 00:15:25.725 [main] INFO    com.objectaid.uml.util.extend.ExecutableExtensionManager loadExtensions: found com.objectaid.uml.contextMenuProviders='com.objectaid.uml.addon.cls.menu.DependencyContextMenuProvider' but cannot load class
2014-12-09 00:15:25.735 [main] INFO    com.objectaid.uml.util.extend.ExecutableExtensionManager loadExtensions: found com.objectaid.uml.contextMenuProviders="com.objectaid.uml.cls.editor.ClassDiagramContextMenuProvider" class="com.objectaid.uml.cls.editor.ClassDiagramContextMenuProvider" id="class-diagram-menu" diagramExt="ucls" 
2014-12-09 00:15:25.735 [main] INFO    com.objectaid.uml.license.LicenseManager checkLicense: invalid license Sequence Diagram 1.1.x - EVAL until 2014-01-02 because License is expired
2014-12-09 00:15:25.735 [main] WARNING com.objectaid.uml.util.EclipseHelper loadClass: cannot find com.objectaid.uml.seq.editor.SequenceDiagramContextMenuProvider in [], no license for [com.objectaid.uml.seq]
2014-12-09 00:15:25.735 [main] INFO    com.objectaid.uml.util.extend.ExecutableExtensionManager loadExtensions: found com.objectaid.uml.contextMenuProviders='com.objectaid.uml.seq.editor.SequenceDiagramContextMenuProvider' but cannot load class
2014-12-09 00:15:25.923 [main] INFO    com.objectaid.uml.util.extend.ExecutableExtensionManager loadExtensions: found com.objectaid.uml.accessors="com.objectaid.uml.model.accessor.ReflectionAccessor" id="automatic-image-PNG" property="automaticImage" type="com.objectaid.uml.render.RenderFormatManager" newValue="PNG" 
2014-12-09 00:15:25.923 [main] INFO    com.objectaid.uml.util.extend.ExecutableExtensionManager loadExtensions: found com.objectaid.uml.accessors="com.objectaid.uml.model.accessor.ReflectionAccessor" id="automatic-image-JPEG" property="automaticImage" type="com.objectaid.uml.render.RenderFormatManager" newValue="JPEG" 
2014-12-09 00:15:25.923 [main] INFO    com.objectaid.uml.util.extend.ExecutableExtensionManager loadExtensions: found com.objectaid.uml.accessors="com.objectaid.uml.model.accessor.ReflectionAccessor" id="automatic-image-GIF" property="automaticImage" type="com.objectaid.uml.render.RenderFormatManager" newValue="GIF" 
2014-12-09 00:15:25.923 [main] INFO    com.objectaid.uml.util.extend.ExecutableExtensionManager loadExtensions: found com.objectaid.uml.accessors="com.objectaid.uml.model.accessor.ReflectionAccessor" id="automatic-image-NONE" property="automaticImage" type="com.objectaid.uml.render.RenderFormatManager" newValue="NONE" 
2014-12-09 00:15:25.923 [main] WARNING com.objectaid.uml.util.EclipseHelper loadClass: cannot find com.objectaid.uml.model.accessor.ReflectionAccessor in [], no license for [com.objectaid.uml.addon]
2014-12-09 00:15:25.923 [main] INFO    com.objectaid.uml.util.extend.ExecutableExtensionManager loadExtensions: found com.objectaid.uml.accessors='com.objectaid.uml.model.accessor.ReflectionAccessor' but cannot load class
2014-12-09 00:15:25.923 [main] WARNING com.objectaid.uml.util.EclipseHelper loadClass: cannot find com.objectaid.uml.model.accessor.ReflectionAccessor in [], no license for [com.objectaid.uml.addon]
2014-12-09 00:15:25.923 [main] INFO    com.objectaid.uml.util.extend.ExecutableExtensionManager loadExtensions: found com.objectaid.uml.accessors='com.objectaid.uml.model.accessor.ReflectionAccessor' but cannot load class
2014-12-09 00:15:25.923 [main] WARNING com.objectaid.uml.util.EclipseHelper loadClass: cannot find com.objectaid.uml.model.accessor.ReflectionAccessor in [], no license for [com.objectaid.uml.addon]
2014-12-09 00:15:25.923 [main] INFO    com.objectaid.uml.util.extend.ExecutableExtensionManager loadExtensions: found com.objectaid.uml.accessors='com.objectaid.uml.model.accessor.ReflectionAccessor' but cannot load class
2014-12-09 00:15:25.923 [main] WARNING com.objectaid.uml.util.EclipseHelper loadClass: cannot find com.objectaid.uml.model.accessor.ReflectionAccessor in [], no license for [com.objectaid.uml.addon]
2014-12-09 00:15:25.923 [main] INFO    com.objectaid.uml.util.extend.ExecutableExtensionManager loadExtensions: found com.objectaid.uml.accessors='com.objectaid.uml.model.accessor.ReflectionAccessor' but cannot load class
2014-12-09 00:15:25.923 [main] WARNING com.objectaid.uml.util.EclipseHelper loadClass: cannot find com.objectaid.uml.model.accessor.ReflectionAccessor in [], no license for [com.objectaid.uml.addon]
2014-12-09 00:15:25.923 [main] INFO    com.objectaid.uml.util.extend.ExecutableExtensionManager loadExtensions: found com.objectaid.uml.accessors='com.objectaid.uml.model.accessor.ReflectionAccessor' but cannot load class
2014-12-09 00:15:25.933 [main] INFO    com.objectaid.uml.util.extend.ExecutableExtensionManager loadExtensions: found com.objectaid.uml.accessors="com.objectaid.uml.model.accessor.ReflectionAccessor" id="show-icons" property="showIcons" type="java.lang.Boolean" 
2014-12-09 00:15:25.933 [main] INFO    com.objectaid.uml.util.extend.ExecutableExtensionManager loadExtensions: found com.objectaid.uml.accessors="com.objectaid.uml.model.accessor.ReflectionAccessor" id="show-stereotype" property="displayOptions.showStereotype" type="java.lang.Boolean" 
2014-12-09 00:15:25.933 [main] INFO    com.objectaid.uml.util.extend.ExecutableExtensionManager loadExtensions: found com.objectaid.uml.accessors="com.objectaid.uml.model.accessor.ReflectionAccessor" id="show-package-name" property="displayOptions.showPackageName" type="java.lang.Boolean" 
2014-12-09 00:15:25.933 [main] INFO    com.objectaid.uml.util.extend.ExecutableExtensionManager loadExtensions: found com.objectaid.uml.accessors="com.objectaid.uml.model.accessor.ReflectionAccessor" id="show-visibility" property="displayOptions.showVisibility" type="java.lang.Boolean" 
2014-12-09 00:15:25.933 [main] INFO    com.objectaid.uml.util.extend.ExecutableExtensionManager loadExtensions: found com.objectaid.uml.accessors="com.objectaid.uml.model.accessor.ReflectionAccessor" id="automatic-resize" property="displayOptions.autoSize" type="java.lang.Boolean" 
2014-12-09 00:15:25.933 [main] INFO    com.objectaid.uml.util.extend.ExecutableExtensionManager loadExtensions: found com.objectaid.uml.accessors="com.objectaid.uml.model.accessor.ReflectionAccessor" id="show-attribute-default" property="displayOptions.showAttributeDefault" type="java.lang.Boolean" 
2014-12-09 00:15:25.933 [main] INFO    com.objectaid.uml.util.extend.ExecutableExtensionManager loadExtensions: found com.objectaid.uml.accessors="com.objectaid.uml.model.accessor.ReflectionAccessor" id="show-operation-signature" property="displayOptions.showOperationSignature" type="java.lang.Boolean" 
2014-12-09 00:15:25.933 [main] INFO    com.objectaid.uml.util.extend.ExecutableExtensionManager loadExtensions: found com.objectaid.uml.accessors="com.objectaid.uml.model.accessor.ReflectionAccessor" id="show-public-attributes" property="displayOptions.attributeFilter.showPublic" type="java.lang.Boolean" 
2014-12-09 00:15:25.933 [main] INFO    com.objectaid.uml.util.extend.ExecutableExtensionManager loadExtensions: found com.objectaid.uml.accessors="com.objectaid.uml.model.accessor.ReflectionAccessor" id="show-protected-attributes" property="displayOptions.attributeFilter.showProtected" type="java.lang.Boolean" 
2014-12-09 00:15:25.933 [main] INFO    com.objectaid.uml.util.extend.ExecutableExtensionManager loadExtensions: found com.objectaid.uml.accessors="com.objectaid.uml.model.accessor.ReflectionAccessor" id="show-package-attributes" property="displayOptions.attributeFilter.showPackage" type="java.lang.Boolean" 
2014-12-09 00:15:25.933 [main] INFO    com.objectaid.uml.util.extend.ExecutableExtensionManager loadExtensions: found com.objectaid.uml.accessors="com.objectaid.uml.model.accessor.ReflectionAccessor" id="show-private-attributes" property="displayOptions.attributeFilter.showPrivate" type="java.lang.Boolean" 
2014-12-09 00:15:25.933 [main] INFO    com.objectaid.uml.util.extend.ExecutableExtensionManager loadExtensions: found com.objectaid.uml.accessors="com.objectaid.uml.model.accessor.ReflectionAccessor" id="show-static-attributes" property="displayOptions.attributeFilter.showStatic" type="java.lang.Boolean" 
2014-12-09 00:15:25.933 [main] INFO    com.objectaid.uml.util.extend.ExecutableExtensionManager loadExtensions: found com.objectaid.uml.accessors="com.objectaid.uml.model.accessor.ReflectionAccessor" id="show-all-attributes" property="displayOptions.attributeFilter.show" type="java.lang.Boolean" newValue="true" 
2014-12-09 00:15:25.933 [main] INFO    com.objectaid.uml.util.extend.ExecutableExtensionManager loadExtensions: found com.objectaid.uml.accessors="com.objectaid.uml.model.accessor.ReflectionAccessor" id="show-no-attributes" property="displayOptions.attributeFilter.show" type="java.lang.Boolean" newValue="false" 
2014-12-09 00:15:25.943 [main] INFO    com.objectaid.uml.util.extend.ExecutableExtensionManager loadExtensions: found com.objectaid.uml.accessors="com.objectaid.uml.model.accessor.ReflectionAccessor" id="show-public-operations" property="displayOptions.operationFilter.showPublic" type="java.lang.Boolean" 
2014-12-09 00:15:25.943 [main] INFO    com.objectaid.uml.util.extend.ExecutableExtensionManager loadExtensions: found com.objectaid.uml.accessors="com.objectaid.uml.model.accessor.ReflectionAccessor" id="show-protected-operations" property="displayOptions.operationFilter.showProtected" type="java.lang.Boolean" 
2014-12-09 00:15:25.943 [main] INFO    com.objectaid.uml.util.extend.ExecutableExtensionManager loadExtensions: found com.objectaid.uml.accessors="com.objectaid.uml.model.accessor.ReflectionAccessor" id="show-package-operations" property="displayOptions.operationFilter.showPackage" type="java.lang.Boolean" 
2014-12-09 00:15:25.943 [main] INFO    com.objectaid.uml.util.extend.ExecutableExtensionManager loadExtensions: found com.objectaid.uml.accessors="com.objectaid.uml.model.accessor.ReflectionAccessor" id="show-private-operations" property="displayOptions.operationFilter.showPrivate" type="java.lang.Boolean" 
2014-12-09 00:15:25.943 [main] INFO    com.objectaid.uml.util.extend.ExecutableExtensionManager loadExtensions: found com.objectaid.uml.accessors="com.objectaid.uml.model.accessor.ReflectionAccessor" id="show-static-operations" property="displayOptions.operationFilter.showStatic" type="java.lang.Boolean" 
2014-12-09 00:15:25.943 [main] INFO    com.objectaid.uml.util.extend.ExecutableExtensionManager loadExtensions: found com.objectaid.uml.accessors="com.objectaid.uml.model.accessor.ReflectionAccessor" id="show-all-operations" property="displayOptions.operationFilter.show" type="java.lang.Boolean" newValue="true" 
2014-12-09 00:15:25.943 [main] INFO    com.objectaid.uml.util.extend.ExecutableExtensionManager loadExtensions: found com.objectaid.uml.accessors="com.objectaid.uml.model.accessor.ReflectionAccessor" id="show-no-operations" property="displayOptions.operationFilter.show" type="java.lang.Boolean" newValue="false" 
2014-12-09 00:15:25.943 [main] INFO    com.objectaid.uml.util.extend.ExecutableExtensionManager loadExtensions: found com.objectaid.uml.accessors="com.objectaid.uml.model.accessor.ReflectionAccessor" id="show-labels" property="associationDisplayOptions.showLabels" type="java.lang.Boolean" 
2014-12-09 00:15:25.943 [main] INFO    com.objectaid.uml.util.extend.ExecutableExtensionManager loadExtensions: found com.objectaid.uml.accessors="com.objectaid.uml.model.accessor.ReflectionAccessor" id="show-multiplicity" property="associationDisplayOptions.showMultiplicity" type="java.lang.Boolean" 
2014-12-09 00:15:25.943 [main] INFO    com.objectaid.uml.util.extend.ExecutableExtensionManager loadExtensions: found com.objectaid.uml.accessors="com.objectaid.uml.model.accessor.ReflectionAccessor" id="auto-locate" property="position" type="org.eclipse.draw2d.geometry.Rectangle" 
2014-12-09 00:15:25.943 [main] INFO    com.objectaid.uml.util.extend.ExecutableExtensionManager loadExtensions: found com.objectaid.uml.accessors="com.objectaid.uml.model.accessor.ReflectionAccessor" id="corner-top-left" property="selfConnectionCorner" newValue="TOP_LEFT" type="com.objectaid.uml.model.diagram.NodeCorner" 
2014-12-09 00:15:25.943 [main] INFO    com.objectaid.uml.util.extend.ExecutableExtensionManager loadExtensions: found com.objectaid.uml.accessors="com.objectaid.uml.model.accessor.ReflectionAccessor" id="corner-top-right" property="selfConnectionCorner" newValue="TOP_RIGHT" type="com.objectaid.uml.model.diagram.NodeCorner" 
2014-12-09 00:15:25.943 [main] INFO    com.objectaid.uml.util.extend.ExecutableExtensionManager loadExtensions: found com.objectaid.uml.accessors="com.objectaid.uml.model.accessor.ReflectionAccessor" id="corner-bottom-left" property="selfConnectionCorner" newValue="BOTTOM_LEFT" type="com.objectaid.uml.model.diagram.NodeCorner" 
2014-12-09 00:15:25.943 [main] INFO    com.objectaid.uml.util.extend.ExecutableExtensionManager loadExtensions: found com.objectaid.uml.accessors="com.objectaid.uml.model.accessor.ReflectionAccessor" id="corner-bottom-right" property="selfConnectionCorner" newValue="BOTTOM_RIGHT" type="com.objectaid.uml.model.diagram.NodeCorner" 
2014-12-09 00:15:25.943 [main] INFO    com.objectaid.uml.util.extend.ExecutableExtensionManager loadExtensions: found com.objectaid.uml.accessors="com.objectaid.uml.model.accessor.ReflectionAccessor" id="always-add-relationships" property="relationshipAddOptions.alwaysAddRelationships" type="java.lang.Boolean" 
2014-12-09 00:15:25.943 [main] INFO    com.objectaid.uml.util.extend.ExecutableExtensionManager loadExtensions: found com.objectaid.uml.accessors="com.objectaid.uml.model.accessor.ReflectionAccessor" id="add-generalizations" property="relationshipAddOptions.addGeneralizations" type="java.lang.Boolean" 
2014-12-09 00:15:25.953 [main] INFO    com.objectaid.uml.util.extend.ExecutableExtensionManager loadExtensions: found com.objectaid.uml.accessors="com.objectaid.uml.model.accessor.ReflectionAccessor" id="add-realizations" property="relationshipAddOptions.addRealizations" type="java.lang.Boolean" 
2014-12-09 00:15:25.953 [main] INFO    com.objectaid.uml.util.extend.ExecutableExtensionManager loadExtensions: found com.objectaid.uml.accessors="com.objectaid.uml.model.accessor.ReflectionAccessor" id="add-associations" property="relationshipAddOptions.addAssociations" type="java.lang.Boolean" 
2014-12-09 00:15:25.953 [main] INFO    com.objectaid.uml.util.extend.ExecutableExtensionManager loadExtensions: found com.objectaid.uml.accessors="com.objectaid.uml.model.accessor.ReflectionAccessor" id="add-dependencies" property="relationshipAddOptions.addDependencies" type="java.lang.Boolean" 
2014-12-09 00:15:25.953 [main] INFO    com.objectaid.uml.util.extend.ExecutableExtensionManager loadExtensions: found com.objectaid.uml.accessors="com.objectaid.uml.model.accessor.ReflectionAccessor" id="add-nesting-relationships" property="relationshipAddOptions.addNestingRelationships" type="java.lang.Boolean" 
2014-12-09 00:16:17.188 [main] WARNING com.objectaid.uml.util.EclipseHelper loadClass: cannot find com.objectaid.uml.addon.doc.TextLinkCreationEditPolicy in [], no license for [com.objectaid.uml.addon]
2014-12-09 00:20:31.846 [main] WARNING com.objectaid.uml.util.EclipseHelper loadClass: cannot find com.objectaid.uml.addon.doc.TextDiagramEditPolicy in [], no license for [com.objectaid.uml.addon]
2014-12-09 00:20:36.820 [main] WARNING com.objectaid.uml.util.EclipseHelper loadClass: cannot find com.objectaid.uml.addon.doc.TextLinkCreationEditPolicy in [], no license for [com.objectaid.uml.addon]
2014-12-09 00:21:02.397 [main] WARNING com.objectaid.uml.util.EclipseHelper loadClass: cannot find com.objectaid.uml.addon.doc.TextLinkCreationEditPolicy in [], no license for [com.objectaid.uml.addon]
2014-12-09 00:21:02.397 [main] WARNING com.objectaid.uml.util.EclipseHelper loadClass: cannot find com.objectaid.uml.addon.doc.TextLinkCreationEditPolicy in [], no license for [com.objectaid.uml.addon]
2014-12-09 00:21:02.407 [main] WARNING com.objectaid.uml.util.EclipseHelper loadClass: cannot find com.objectaid.uml.addon.doc.TextLinkCreationEditPolicy in [], no license for [com.objectaid.uml.addon]
2014-12-09 00:21:02.417 [main] WARNING com.objectaid.uml.util.EclipseHelper loadClass: cannot find com.objectaid.uml.addon.doc.TextLinkCreationEditPolicy in [], no license for [com.objectaid.uml.addon]
2014-12-09 00:21:02.417 [main] WARNING com.objectaid.uml.util.EclipseHelper loadClass: cannot find com.objectaid.uml.addon.edit.MultiplicityDirectEditPolicy in [], no license for [com.objectaid.uml.addon]
2014-12-09 00:21:02.427 [main] WARNING com.objectaid.uml.util.EclipseHelper loadClass: cannot find com.objectaid.uml.addon.doc.TextLinkCreationEditPolicy in [], no license for [com.objectaid.uml.addon]
2014-12-09 00:21:02.427 [main] WARNING com.objectaid.uml.util.EclipseHelper loadClass: cannot find com.objectaid.uml.addon.edit.MultiplicityDirectEditPolicy in [], no license for [com.objectaid.uml.addon]
2014-12-09 00:22:50.040 [main] WARNING com.objectaid.uml.util.EclipseHelper loadClass: cannot find com.objectaid.uml.addon.doc.TextLinkCreationEditPolicy in [], no license for [com.objectaid.uml.addon]
2014-12-09 00:22:50.040 [main] WARNING com.objectaid.uml.util.EclipseHelper loadClass: cannot find com.objectaid.uml.addon.doc.TextLinkCreationEditPolicy in [], no license for [com.objectaid.uml.addon]
2014-12-09 00:22:50.050 [main] WARNING com.objectaid.uml.util.EclipseHelper loadClass: cannot find com.objectaid.uml.addon.edit.MultiplicityDirectEditPolicy in [], no license for [com.objectaid.uml.addon]
2014-12-09 00:22:54.552 [main] WARNING com.objectaid.uml.util.EclipseHelper loadClass: cannot find com.objectaid.uml.addon.doc.TextLinkCreationEditPolicy in [], no license for [com.objectaid.uml.addon]
2014-12-09 00:22:54.562 [main] WARNING com.objectaid.uml.util.EclipseHelper loadClass: cannot find com.objectaid.uml.addon.doc.TextLinkCreationEditPolicy in [], no license for [com.objectaid.uml.addon]
2014-12-09 00:22:54.562 [main] WARNING com.objectaid.uml.util.EclipseHelper loadClass: cannot find com.objectaid.uml.addon.edit.MultiplicityDirectEditPolicy in [], no license for [com.objectaid.uml.addon]
2014-12-09 00:23:38.901 [main] WARNING com.objectaid.uml.util.EclipseHelper loadClass: cannot find com.objectaid.uml.addon.doc.TextLinkCreationEditPolicy in [], no license for [com.objectaid.uml.addon]
2014-12-09 00:23:38.911 [main] WARNING com.objectaid.uml.util.EclipseHelper loadClass: cannot find com.objectaid.uml.addon.doc.TextLinkCreationEditPolicy in [], no license for [com.objectaid.uml.addon]
2014-12-09 00:23:38.911 [main] WARNING com.objectaid.uml.util.EclipseHelper loadClass: cannot find com.objectaid.uml.addon.edit.MultiplicityDirectEditPolicy in [], no license for [com.objectaid.uml.addon]
2014-12-09 00:23:44.346 [main] WARNING com.objectaid.uml.util.EclipseHelper loadClass: cannot find com.objectaid.uml.addon.doc.TextLinkCreationEditPolicy in [], no license for [com.objectaid.uml.addon]
2014-12-09 00:23:44.346 [main] WARNING com.objectaid.uml.util.EclipseHelper loadClass: cannot find com.objectaid.uml.addon.doc.TextLinkCreationEditPolicy in [], no license for [com.objectaid.uml.addon]
2014-12-09 00:23:44.346 [main] WARNING com.objectaid.uml.util.EclipseHelper loadClass: cannot find com.objectaid.uml.addon.edit.MultiplicityDirectEditPolicy in [], no license for [com.objectaid.uml.addon]
2014-12-09 00:25:34.896 [main] WARNING com.objectaid.uml.util.EclipseHelper loadClass: cannot find com.objectaid.uml.addon.doc.TextLinkCreationEditPolicy in [], no license for [com.objectaid.uml.addon]
2014-12-09 00:25:34.896 [main] WARNING com.objectaid.uml.util.EclipseHelper loadClass: cannot find com.objectaid.uml.addon.doc.TextLinkCreationEditPolicy in [], no license for [com.objectaid.uml.addon]
2014-12-09 00:25:34.906 [main] WARNING com.objectaid.uml.util.EclipseHelper loadClass: cannot find com.objectaid.uml.addon.doc.TextLinkCreationEditPolicy in [], no license for [com.objectaid.uml.addon]
2014-12-09 00:25:34.906 [main] WARNING com.objectaid.uml.util.EclipseHelper loadClass: cannot find com.objectaid.uml.addon.doc.TextLinkCreationEditPolicy in [], no license for [com.objectaid.uml.addon]
2014-12-09 00:25:34.906 [main] WARNING com.objectaid.uml.util.EclipseHelper loadClass: cannot find com.objectaid.uml.addon.doc.TextLinkCreationEditPolicy in [], no license for [com.objectaid.uml.addon]
2014-12-09 00:25:34.906 [main] WARNING com.objectaid.uml.util.EclipseHelper loadClass: cannot find com.objectaid.uml.addon.doc.TextLinkCreationEditPolicy in [], no license for [com.objectaid.uml.addon]
2014-12-09 00:25:34.906 [main] WARNING com.objectaid.uml.util.EclipseHelper loadClass: cannot find com.objectaid.uml.addon.doc.TextLinkCreationEditPolicy in [], no license for [com.objectaid.uml.addon]
2014-12-09 00:25:34.906 [main] WARNING com.objectaid.uml.util.EclipseHelper loadClass: cannot find com.objectaid.uml.addon.doc.TextLinkCreationEditPolicy in [], no license for [com.objectaid.uml.addon]
2014-12-09 00:25:34.916 [main] WARNING com.objectaid.uml.util.EclipseHelper loadClass: cannot find com.objectaid.uml.addon.doc.TextLinkCreationEditPolicy in [], no license for [com.objectaid.uml.addon]
2014-12-09 00:25:34.916 [main] WARNING com.objectaid.uml.util.EclipseHelper loadClass: cannot find com.objectaid.uml.addon.doc.TextLinkCreationEditPolicy in [], no license for [com.objectaid.uml.addon]
2014-12-09 00:25:34.916 [main] WARNING com.objectaid.uml.util.EclipseHelper loadClass: cannot find com.objectaid.uml.addon.doc.TextLinkCreationEditPolicy in [], no license for [com.objectaid.uml.addon]
2014-12-09 00:25:34.916 [main] WARNING com.objectaid.uml.util.EclipseHelper loadClass: cannot find com.objectaid.uml.addon.doc.TextLinkCreationEditPolicy in [], no license for [com.objectaid.uml.addon]
2014-12-09 00:25:34.926 [main] WARNING com.objectaid.uml.util.EclipseHelper loadClass: cannot find com.objectaid.uml.addon.doc.TextLinkCreationEditPolicy in [], no license for [com.objectaid.uml.addon]
2014-12-09 00:25:34.926 [main] WARNING com.objectaid.uml.util.EclipseHelper loadClass: cannot find com.objectaid.uml.addon.doc.TextLinkCreationEditPolicy in [], no license for [com.objectaid.uml.addon]
2014-12-09 00:25:34.926 [main] WARNING com.objectaid.uml.util.EclipseHelper loadClass: cannot find com.objectaid.uml.addon.doc.TextLinkCreationEditPolicy in [], no license for [com.objectaid.uml.addon]
2014-12-09 00:25:34.926 [main] WARNING com.objectaid.uml.util.EclipseHelper loadClass: cannot find com.objectaid.uml.addon.doc.TextLinkCreationEditPolicy in [], no license for [com.objectaid.uml.addon]
2014-12-09 00:25:34.926 [main] WARNING com.objectaid.uml.util.EclipseHelper loadClass: cannot find com.objectaid.uml.addon.doc.TextLinkCreationEditPolicy in [], no license for [com.objectaid.uml.addon]
2014-12-09 00:25:34.926 [main] WARNING com.objectaid.uml.util.EclipseHelper loadClass: cannot find com.objectaid.uml.addon.doc.TextLinkCreationEditPolicy in [], no license for [com.objectaid.uml.addon]
2014-12-09 00:25:34.926 [main] WARNING com.objectaid.uml.util.EclipseHelper loadClass: cannot find com.objectaid.uml.addon.doc.TextLinkCreationEditPolicy in [], no license for [com.objectaid.uml.addon]
2014-12-09 00:25:34.926 [main] WARNING com.objectaid.uml.util.EclipseHelper loadClass: cannot find com.objectaid.uml.addon.doc.TextLinkCreationEditPolicy in [], no license for [com.objectaid.uml.addon]
2014-12-09 00:25:34.936 [main] WARNING com.objectaid.uml.util.EclipseHelper loadClass: cannot find com.objectaid.uml.addon.doc.TextLinkCreationEditPolicy in [], no license for [com.objectaid.uml.addon]
2014-12-09 00:25:34.936 [main] WARNING com.objectaid.uml.util.EclipseHelper loadClass: cannot find com.objectaid.uml.addon.edit.MultiplicityDirectEditPolicy in [], no license for [com.objectaid.uml.addon]
2014-12-09 00:25:34.936 [main] WARNING com.objectaid.uml.util.EclipseHelper loadClass: cannot find com.objectaid.uml.addon.doc.TextLinkCreationEditPolicy in [], no license for [com.objectaid.uml.addon]
2014-12-09 00:25:34.936 [main] WARNING com.objectaid.uml.util.EclipseHelper loadClass: cannot find com.objectaid.uml.addon.doc.TextLinkCreationEditPolicy in [], no license for [com.objectaid.uml.addon]
2014-12-09 00:25:34.936 [main] WARNING com.objectaid.uml.util.EclipseHelper loadClass: cannot find com.objectaid.uml.addon.doc.TextLinkCreationEditPolicy in [], no license for [com.objectaid.uml.addon]
2014-12-09 00:25:34.936 [main] WARNING com.objectaid.uml.util.EclipseHelper loadClass: cannot find com.objectaid.uml.addon.doc.TextLinkCreationEditPolicy in [], no license for [com.objectaid.uml.addon]
2014-12-09 00:25:34.936 [main] WARNING com.objectaid.uml.util.EclipseHelper loadClass: cannot find com.objectaid.uml.addon.doc.TextLinkCreationEditPolicy in [], no license for [com.objectaid.uml.addon]
2014-12-09 00:25:34.936 [main] WARNING com.objectaid.uml.util.EclipseHelper loadClass: cannot find com.objectaid.uml.addon.edit.MultiplicityDirectEditPolicy in [], no license for [com.objectaid.uml.addon]
2014-12-09 00:25:34.936 [main] WARNING com.objectaid.uml.util.EclipseHelper loadClass: cannot find com.objectaid.uml.addon.doc.TextLinkCreationEditPolicy in [], no license for [com.objectaid.uml.addon]
2014-12-09 00:25:34.936 [main] WARNING com.objectaid.uml.util.EclipseHelper loadClass: cannot find com.objectaid.uml.addon.doc.TextLinkCreationEditPolicy in [], no license for [com.objectaid.uml.addon]
2014-12-09 00:25:34.936 [main] WARNING com.objectaid.uml.util.EclipseHelper loadClass: cannot find com.objectaid.uml.addon.doc.TextLinkCreationEditPolicy in [], no license for [com.objectaid.uml.addon]
2014-12-09 00:25:34.946 [main] WARNING com.objectaid.uml.util.EclipseHelper loadClass: cannot find com.objectaid.uml.addon.doc.TextLinkCreationEditPolicy in [], no license for [com.objectaid.uml.addon]
2014-12-09 00:25:34.946 [main] WARNING com.objectaid.uml.util.EclipseHelper loadClass: cannot find com.objectaid.uml.addon.doc.TextLinkCreationEditPolicy in [], no license for [com.objectaid.uml.addon]
2014-12-09 00:25:34.946 [main] WARNING com.objectaid.uml.util.EclipseHelper loadClass: cannot find com.objectaid.uml.addon.edit.MultiplicityDirectEditPolicy in [], no license for [com.objectaid.uml.addon]
2014-12-09 00:25:34.946 [main] WARNING com.objectaid.uml.util.EclipseHelper loadClass: cannot find com.objectaid.uml.addon.doc.TextLinkCreationEditPolicy in [], no license for [com.objectaid.uml.addon]
2014-12-09 00:25:34.946 [main] WARNING com.objectaid.uml.util.EclipseHelper loadClass: cannot find com.objectaid.uml.addon.edit.MultiplicityDirectEditPolicy in [], no license for [com.objectaid.uml.addon]
2014-12-09 00:25:34.946 [main] WARNING com.objectaid.uml.util.EclipseHelper loadClass: cannot find com.objectaid.uml.addon.doc.TextLinkCreationEditPolicy in [], no license for [com.objectaid.uml.addon]
2014-12-09 00:25:34.946 [main] WARNING com.objectaid.uml.util.EclipseHelper loadClass: cannot find com.objectaid.uml.addon.doc.TextLinkCreationEditPolicy in [], no license for [com.objectaid.uml.addon]
2014-12-09 00:25:34.946 [main] WARNING com.objectaid.uml.util.EclipseHelper loadClass: cannot find com.objectaid.uml.addon.edit.MultiplicityDirectEditPolicy in [], no license for [com.objectaid.uml.addon]
2014-12-09 00:25:34.946 [main] WARNING com.objectaid.uml.util.EclipseHelper loadClass: cannot find com.objectaid.uml.addon.doc.TextLinkCreationEditPolicy in [], no license for [com.objectaid.uml.addon]
2014-12-09 00:25:34.946 [main] WARNING com.objectaid.uml.util.EclipseHelper loadClass: cannot find com.objectaid.uml.addon.doc.TextLinkCreationEditPolicy in [], no license for [com.objectaid.uml.addon]
2014-12-09 00:25:34.946 [main] WARNING com.objectaid.uml.util.EclipseHelper loadClass: cannot find com.objectaid.uml.addon.doc.TextLinkCreationEditPolicy in [], no license for [com.objectaid.uml.addon]
2014-12-09 00:25:34.956 [main] WARNING com.objectaid.uml.util.EclipseHelper loadClass: cannot find com.objectaid.uml.addon.doc.TextLinkCreationEditPolicy in [], no license for [com.objectaid.uml.addon]
2014-12-09 00:30:57.781 [main] WARNING com.objectaid.uml.util.EclipseHelper loadClass: cannot find com.objectaid.uml.addon.doc.TextDiagramEditPolicy in [], no license for [com.objectaid.uml.addon]
2014-12-09 00:31:03.169 [main] WARNING com.objectaid.uml.util.EclipseHelper loadClass: cannot find com.objectaid.uml.addon.doc.TextLinkCreationEditPolicy in [], no license for [com.objectaid.uml.addon]
2014-12-09 00:31:03.169 [main] WARNING com.objectaid.uml.util.EclipseHelper loadClass: cannot find com.objectaid.uml.addon.doc.TextLinkCreationEditPolicy in [], no license for [com.objectaid.uml.addon]
2014-12-09 00:31:03.169 [main] WARNING com.objectaid.uml.util.EclipseHelper loadClass: cannot find com.objectaid.uml.addon.doc.TextLinkCreationEditPolicy in [], no license for [com.objectaid.uml.addon]
2014-12-09 00:31:03.169 [main] WARNING com.objectaid.uml.util.EclipseHelper loadClass: cannot find com.objectaid.uml.addon.doc.TextLinkCreationEditPolicy in [], no license for [com.objectaid.uml.addon]
2014-12-09 00:31:03.169 [main] WARNING com.objectaid.uml.util.EclipseHelper loadClass: cannot find com.objectaid.uml.addon.doc.TextLinkCreationEditPolicy in [], no license for [com.objectaid.uml.addon]
2014-12-09 00:31:03.179 [main] WARNING com.objectaid.uml.util.EclipseHelper loadClass: cannot find com.objectaid.uml.addon.doc.TextLinkCreationEditPolicy in [], no license for [com.objectaid.uml.addon]
2014-12-09 00:31:03.179 [main] WARNING com.objectaid.uml.util.EclipseHelper loadClass: cannot find com.objectaid.uml.addon.doc.TextLinkCreationEditPolicy in [], no license for [com.objectaid.uml.addon]
2014-12-09 00:31:03.179 [main] WARNING com.objectaid.uml.util.EclipseHelper loadClass: cannot find com.objectaid.uml.addon.doc.TextLinkCreationEditPolicy in [], no license for [com.objectaid.uml.addon]
2014-12-09 00:31:03.179 [main] WARNING com.objectaid.uml.util.EclipseHelper loadClass: cannot find com.objectaid.uml.addon.doc.TextLinkCreationEditPolicy in [], no license for [com.objectaid.uml.addon]
2014-12-09 00:31:03.179 [main] WARNING com.objectaid.uml.util.EclipseHelper loadClass: cannot find com.objectaid.uml.addon.doc.TextLinkCreationEditPolicy in [], no license for [com.objectaid.uml.addon]
2014-12-09 00:31:03.179 [main] WARNING com.objectaid.uml.util.EclipseHelper loadClass: cannot find com.objectaid.uml.addon.doc.TextLinkCreationEditPolicy in [], no license for [com.objectaid.uml.addon]
2014-12-09 00:31:03.189 [main] WARNING com.objectaid.uml.util.EclipseHelper loadClass: cannot find com.objectaid.uml.addon.doc.TextLinkCreationEditPolicy in [], no license for [com.objectaid.uml.addon]
2014-12-09 00:31:03.189 [main] WARNING com.objectaid.uml.util.EclipseHelper loadClass: cannot find com.objectaid.uml.addon.doc.TextLinkCreationEditPolicy in [], no license for [com.objectaid.uml.addon]
2014-12-09 00:31:03.189 [main] WARNING com.objectaid.uml.util.EclipseHelper loadClass: cannot find com.objectaid.uml.addon.doc.TextLinkCreationEditPolicy in [], no license for [com.objectaid.uml.addon]
2014-12-09 00:31:03.189 [main] WARNING com.objectaid.uml.util.EclipseHelper loadClass: cannot find com.objectaid.uml.addon.doc.TextLinkCreationEditPolicy in [], no license for [com.objectaid.uml.addon]
2014-12-09 00:31:03.189 [main] WARNING com.objectaid.uml.util.EclipseHelper loadClass: cannot find com.objectaid.uml.addon.doc.TextLinkCreationEditPolicy in [], no license for [com.objectaid.uml.addon]
2014-12-09 00:31:03.189 [main] WARNING com.objectaid.uml.util.EclipseHelper loadClass: cannot find com.objectaid.uml.addon.doc.TextLinkCreationEditPolicy in [], no license for [com.objectaid.uml.addon]
2014-12-09 00:31:03.189 [main] WARNING com.objectaid.uml.util.EclipseHelper loadClass: cannot find com.objectaid.uml.addon.doc.TextLinkCreationEditPolicy in [], no license for [com.objectaid.uml.addon]
2014-12-09 00:31:03.189 [main] WARNING com.objectaid.uml.util.EclipseHelper loadClass: cannot find com.objectaid.uml.addon.doc.TextLinkCreationEditPolicy in [], no license for [com.objectaid.uml.addon]
2014-12-09 00:31:03.189 [main] WARNING com.objectaid.uml.util.EclipseHelper loadClass: cannot find com.objectaid.uml.addon.doc.TextLinkCreationEditPolicy in [], no license for [com.objectaid.uml.addon]
2014-12-09 00:31:03.189 [main] WARNING com.objectaid.uml.util.EclipseHelper loadClass: cannot find com.objectaid.uml.addon.doc.TextLinkCreationEditPolicy in [], no license for [com.objectaid.uml.addon]
2014-12-09 00:31:03.189 [main] WARNING com.objectaid.uml.util.EclipseHelper loadClass: cannot find com.objectaid.uml.addon.doc.TextLinkCreationEditPolicy in [], no license for [com.objectaid.uml.addon]
2014-12-09 00:31:03.199 [main] WARNING com.objectaid.uml.util.EclipseHelper loadClass: cannot find com.objectaid.uml.addon.doc.TextLinkCreationEditPolicy in [], no license for [com.objectaid.uml.addon]
2014-12-09 00:31:03.199 [main] WARNING com.objectaid.uml.util.EclipseHelper loadClass: cannot find com.objectaid.uml.addon.doc.TextLinkCreationEditPolicy in [], no license for [com.objectaid.uml.addon]
2014-12-09 00:31:03.199 [main] WARNING com.objectaid.uml.util.EclipseHelper loadClass: cannot find com.objectaid.uml.addon.doc.TextLinkCreationEditPolicy in [], no license for [com.objectaid.uml.addon]
2014-12-09 00:31:03.199 [main] WARNING com.objectaid.uml.util.EclipseHelper loadClass: cannot find com.objectaid.uml.addon.doc.TextLinkCreationEditPolicy in [], no license for [com.objectaid.uml.addon]
2014-12-09 00:31:03.199 [main] WARNING com.objectaid.uml.util.EclipseHelper loadClass: cannot find com.objectaid.uml.addon.doc.TextLinkCreationEditPolicy in [], no license for [com.objectaid.uml.addon]
2014-12-09 00:31:03.199 [main] WARNING com.objectaid.uml.util.EclipseHelper loadClass: cannot find com.objectaid.uml.addon.doc.TextLinkCreationEditPolicy in [], no license for [com.objectaid.uml.addon]
2014-12-09 00:31:03.199 [main] WARNING com.objectaid.uml.util.EclipseHelper loadClass: cannot find com.objectaid.uml.addon.doc.TextLinkCreationEditPolicy in [], no license for [com.objectaid.uml.addon]
2014-12-09 00:31:03.199 [main] WARNING com.objectaid.uml.util.EclipseHelper loadClass: cannot find com.objectaid.uml.addon.doc.TextLinkCreationEditPolicy in [], no license for [com.objectaid.uml.addon]
2014-12-09 00:31:03.199 [main] WARNING com.objectaid.uml.util.EclipseHelper loadClass: cannot find com.objectaid.uml.addon.edit.MultiplicityDirectEditPolicy in [], no license for [com.objectaid.uml.addon]
2014-12-09 00:31:03.199 [main] WARNING com.objectaid.uml.util.EclipseHelper loadClass: cannot find com.objectaid.uml.addon.doc.TextLinkCreationEditPolicy in [], no license for [com.objectaid.uml.addon]
2014-12-09 00:31:03.199 [main] WARNING com.objectaid.uml.util.EclipseHelper loadClass: cannot find com.objectaid.uml.addon.doc.TextLinkCreationEditPolicy in [], no license for [com.objectaid.uml.addon]
2014-12-09 00:31:03.199 [main] WARNING com.objectaid.uml.util.EclipseHelper loadClass: cannot find com.objectaid.uml.addon.doc.TextLinkCreationEditPolicy in [], no license for [com.objectaid.uml.addon]
2014-12-09 00:31:03.209 [main] WARNING com.objectaid.uml.util.EclipseHelper loadClass: cannot find com.objectaid.uml.addon.doc.TextLinkCreationEditPolicy in [], no license for [com.objectaid.uml.addon]
2014-12-09 00:31:03.209 [main] WARNING com.objectaid.uml.util.EclipseHelper loadClass: cannot find com.objectaid.uml.addon.doc.TextLinkCreationEditPolicy in [], no license for [com.objectaid.uml.addon]
2014-12-09 00:31:03.209 [main] WARNING com.objectaid.uml.util.EclipseHelper loadClass: cannot find com.objectaid.uml.addon.edit.MultiplicityDirectEditPolicy in [], no license for [com.objectaid.uml.addon]
2014-12-09 00:35:19.761 [main] WARNING com.objectaid.uml.util.EclipseHelper loadClass: cannot find com.objectaid.uml.addon.doc.TextLinkCreationEditPolicy in [], no license for [com.objectaid.uml.addon]
2014-12-09 00:35:23.328 [main] WARNING com.objectaid.uml.util.EclipseHelper loadClass: cannot find com.objectaid.uml.addon.doc.TextLinkCreationEditPolicy in [], no license for [com.objectaid.uml.addon]
2014-12-09 00:36:03.924 [main] WARNING com.objectaid.uml.util.EclipseHelper loadClass: cannot find com.objectaid.uml.addon.doc.TextDiagramEditPolicy in [], no license for [com.objectaid.uml.addon]
2014-12-09 00:36:07.206 [main] WARNING com.objectaid.uml.util.EclipseHelper loadClass: cannot find com.objectaid.uml.addon.doc.TextLinkCreationEditPolicy in [], no license for [com.objectaid.uml.addon]
2014-12-09 00:36:07.206 [main] WARNING com.objectaid.uml.util.EclipseHelper loadClass: cannot find com.objectaid.uml.addon.doc.TextLinkCreationEditPolicy in [], no license for [com.objectaid.uml.addon]
2014-12-09 00:36:07.206 [main] WARNING com.objectaid.uml.util.EclipseHelper loadClass: cannot find com.objectaid.uml.addon.doc.TextLinkCreationEditPolicy in [], no license for [com.objectaid.uml.addon]
2014-12-09 00:36:07.206 [main] WARNING com.objectaid.uml.util.EclipseHelper loadClass: cannot find com.objectaid.uml.addon.doc.TextLinkCreationEditPolicy in [], no license for [com.objectaid.uml.addon]
2014-12-09 00:36:07.206 [main] WARNING com.objectaid.uml.util.EclipseHelper loadClass: cannot find com.objectaid.uml.addon.doc.TextLinkCreationEditPolicy in [], no license for [com.objectaid.uml.addon]
2014-12-09 00:36:07.206 [main] WARNING com.objectaid.uml.util.EclipseHelper loadClass: cannot find com.objectaid.uml.addon.doc.TextLinkCreationEditPolicy in [], no license for [com.objectaid.uml.addon]
2014-12-09 00:36:07.206 [main] WARNING com.objectaid.uml.util.EclipseHelper loadClass: cannot find com.objectaid.uml.addon.doc.TextLinkCreationEditPolicy in [], no license for [com.objectaid.uml.addon]
2014-12-09 00:36:07.206 [main] WARNING com.objectaid.uml.util.EclipseHelper loadClass: cannot find com.objectaid.uml.addon.doc.TextLinkCreationEditPolicy in [], no license for [com.objectaid.uml.addon]
2014-12-09 00:36:07.216 [main] WARNING com.objectaid.uml.util.EclipseHelper loadClass: cannot find com.objectaid.uml.addon.doc.TextLinkCreationEditPolicy in [], no license for [com.objectaid.uml.addon]
2014-12-09 00:36:07.216 [main] WARNING com.objectaid.uml.util.EclipseHelper loadClass: cannot find com.objectaid.uml.addon.doc.TextLinkCreationEditPolicy in [], no license for [com.objectaid.uml.addon]
2014-12-09 00:36:07.216 [main] WARNING com.objectaid.uml.util.EclipseHelper loadClass: cannot find com.objectaid.uml.addon.doc.TextLinkCreationEditPolicy in [], no license for [com.objectaid.uml.addon]
2014-12-09 00:36:07.216 [main] WARNING com.objectaid.uml.util.EclipseHelper loadClass: cannot find com.objectaid.uml.addon.doc.TextLinkCreationEditPolicy in [], no license for [com.objectaid.uml.addon]
2014-12-09 00:36:07.216 [main] WARNING com.objectaid.uml.util.EclipseHelper loadClass: cannot find com.objectaid.uml.addon.doc.TextLinkCreationEditPolicy in [], no license for [com.objectaid.uml.addon]
2014-12-09 00:36:07.216 [main] WARNING com.objectaid.uml.util.EclipseHelper loadClass: cannot find com.objectaid.uml.addon.doc.TextLinkCreationEditPolicy in [], no license for [com.objectaid.uml.addon]
2014-12-09 00:36:07.216 [main] WARNING com.objectaid.uml.util.EclipseHelper loadClass: cannot find com.objectaid.uml.addon.doc.TextLinkCreationEditPolicy in [], no license for [com.objectaid.uml.addon]
2014-12-09 00:36:07.216 [main] WARNING com.objectaid.uml.util.EclipseHelper loadClass: cannot find com.objectaid.uml.addon.doc.TextLinkCreationEditPolicy in [], no license for [com.objectaid.uml.addon]
2014-12-09 00:36:07.216 [main] WARNING com.objectaid.uml.util.EclipseHelper loadClass: cannot find com.objectaid.uml.addon.doc.TextLinkCreationEditPolicy in [], no license for [com.objectaid.uml.addon]
2014-12-09 00:36:07.226 [main] WARNING com.objectaid.uml.util.EclipseHelper loadClass: cannot find com.objectaid.uml.addon.doc.TextLinkCreationEditPolicy in [], no license for [com.objectaid.uml.addon]
2014-12-09 00:36:07.226 [main] WARNING com.objectaid.uml.util.EclipseHelper loadClass: cannot find com.objectaid.uml.addon.doc.TextLinkCreationEditPolicy in [], no license for [com.objectaid.uml.addon]
2014-12-09 00:36:07.226 [main] WARNING com.objectaid.uml.util.EclipseHelper loadClass: cannot find com.objectaid.uml.addon.doc.TextLinkCreationEditPolicy in [], no license for [com.objectaid.uml.addon]
2014-12-09 00:36:07.226 [main] WARNING com.objectaid.uml.util.EclipseHelper loadClass: cannot find com.objectaid.uml.addon.doc.TextLinkCreationEditPolicy in [], no license for [com.objectaid.uml.addon]
2014-12-09 00:36:07.226 [main] WARNING com.objectaid.uml.util.EclipseHelper loadClass: cannot find com.objectaid.uml.addon.edit.MultiplicityDirectEditPolicy in [], no license for [com.objectaid.uml.addon]
2014-12-09 00:36:07.226 [main] WARNING com.objectaid.uml.util.EclipseHelper loadClass: cannot find com.objectaid.uml.addon.doc.TextLinkCreationEditPolicy in [], no license for [com.objectaid.uml.addon]
2014-12-09 00:36:07.226 [main] WARNING com.objectaid.uml.util.EclipseHelper loadClass: cannot find com.objectaid.uml.addon.doc.TextLinkCreationEditPolicy in [], no license for [com.objectaid.uml.addon]
2014-12-09 00:36:07.226 [main] WARNING com.objectaid.uml.util.EclipseHelper loadClass: cannot find com.objectaid.uml.addon.edit.MultiplicityDirectEditPolicy in [], no license for [com.objectaid.uml.addon]
2014-12-09 00:36:07.226 [main] WARNING com.objectaid.uml.util.EclipseHelper loadClass: cannot find com.objectaid.uml.addon.doc.TextLinkCreationEditPolicy in [], no license for [com.objectaid.uml.addon]
2014-12-09 00:36:07.226 [main] WARNING com.objectaid.uml.util.EclipseHelper loadClass: cannot find com.objectaid.uml.addon.doc.TextLinkCreationEditPolicy in [], no license for [com.objectaid.uml.addon]
2014-12-09 00:36:07.226 [main] WARNING com.objectaid.uml.util.EclipseHelper loadClass: cannot find com.objectaid.uml.addon.doc.TextLinkCreationEditPolicy in [], no license for [com.objectaid.uml.addon]
2014-12-09 00:36:07.226 [main] WARNING com.objectaid.uml.util.EclipseHelper loadClass: cannot find com.objectaid.uml.addon.doc.TextLinkCreationEditPolicy in [], no license for [com.objectaid.uml.addon]
2014-12-09 00:36:07.226 [main] WARNING com.objectaid.uml.util.EclipseHelper loadClass: cannot find com.objectaid.uml.addon.doc.TextLinkCreationEditPolicy in [], no license for [com.objectaid.uml.addon]
2014-12-09 00:36:07.236 [main] WARNING com.objectaid.uml.util.EclipseHelper loadClass: cannot find com.objectaid.uml.addon.doc.TextLinkCreationEditPolicy in [], no license for [com.objectaid.uml.addon]
2014-12-09 00:36:07.236 [main] WARNING com.objectaid.uml.util.EclipseHelper loadClass: cannot find com.objectaid.uml.addon.doc.TextLinkCreationEditPolicy in [], no license for [com.objectaid.uml.addon]
2014-12-09 00:36:07.236 [main] WARNING com.objectaid.uml.util.EclipseHelper loadClass: cannot find com.objectaid.uml.addon.doc.TextLinkCreationEditPolicy in [], no license for [com.objectaid.uml.addon]
2014-12-09 00:36:07.236 [main] WARNING com.objectaid.uml.util.EclipseHelper loadClass: cannot find com.objectaid.uml.addon.doc.TextLinkCreationEditPolicy in [], no license for [com.objectaid.uml.addon]
2014-12-09 00:36:07.236 [main] WARNING com.objectaid.uml.util.EclipseHelper loadClass: cannot find com.objectaid.uml.addon.doc.TextLinkCreationEditPolicy in [], no license for [com.objectaid.uml.addon]
2014-12-09 00:36:07.236 [main] WARNING com.objectaid.uml.util.EclipseHelper loadClass: cannot find com.objectaid.uml.addon.doc.TextLinkCreationEditPolicy in [], no license for [com.objectaid.uml.addon]
2014-12-09 00:36:07.236 [main] WARNING com.objectaid.uml.util.EclipseHelper loadClass: cannot find com.objectaid.uml.addon.doc.TextLinkCreationEditPolicy in [], no license for [com.objectaid.uml.addon]
2014-12-09 00:36:44.818 [main] WARNING com.objectaid.uml.util.EclipseHelper loadClass: cannot find com.objectaid.uml.addon.doc.TextLinkCreationEditPolicy in [], no license for [com.objectaid.uml.addon]
2014-12-09 00:36:54.094 [main] WARNING com.objectaid.uml.util.EclipseHelper loadClass: cannot find com.objectaid.uml.addon.doc.TextLinkCreationEditPolicy in [], no license for [com.objectaid.uml.addon]
2014-12-09 00:37:00.847 [main] WARNING com.objectaid.uml.util.EclipseHelper loadClass: cannot find com.objectaid.uml.addon.doc.TextLinkCreationEditPolicy in [], no license for [com.objectaid.uml.addon]
